<?xml version="1.0" encoding="UTF-8"?>
<!-- Generated by org.testng.reporters.JUnitReportReporter -->
<testsuite hostname="DESKTOP-O64J0D3" failures="0" tests="1" name="test.Motsop.SignUp" time="22.162" errors="0" timestamp="2025-05-07T15:43:24 IST" skipped="0">
  <testcase classname="test.Motsop.SignUp" name="DetailsSuccess" time="22.162"/>
</testsuite> <!-- test.Motsop.SignUp -->
