<?xml version="1.0" encoding="UTF-8"?>
<!-- Generated by org.testng.reporters.JUnitReportReporter -->
<testsuite hostname="DESKTOP-O64J0D3" failures="0" tests="3" name="test.Motsop.AddNewClientProfileForm" time="68.522" errors="0" timestamp="2025-05-12T18:50:12 IST" skipped="0">
  <testcase classname="test.Motsop.AddNewClientProfileForm" name="AllFields" time="27.164"/>
  <testcase classname="test.Motsop.AddNewClientProfileForm" name="MandatoryFieldManualEntryCancel" time="19.649"/>
  <testcase classname="test.Motsop.AddNewClientProfileForm" name="MandatoryFieldManualEntrySubmit" time="21.709"/>
</testsuite> <!-- test.Motsop.AddNewClientProfileForm -->
